#
# A fatal error has been detected by the Java Runtime Environment:
#
#  EXCEPTION_ACCESS_VIOLATION (0xc0000005) at pc=0x000000000f68c750, pid=9584, tid=14764
#
# JRE version: 6.0_17-b04
# Java VM: Java HotSpot(TM) 64-Bit Server VM (14.3-b01 mixed mode windows-amd64 )
# Problematic frame:
# C  0x000000000f68c750
#
# If you would like to submit a bug report, please visit:
#   http://java.sun.com/webapps/bugreport/crash.jsp
# The crash happened outside the Java Virtual Machine in native code.
# See problematic frame for where to report the bug.
#

---------------  T H R E A D  ---------------

Current thread (0x000000006f0eb000):  JavaThread "AWT-EventQueue-0" [_thread_in_native, id=14764, stack(0x00000000b0000000,0x00000000b4000000)]

siginfo: ExceptionCode=0xc0000005, reading address 0x0000000000000008

Registers:
EAX=0x000000000000000d, EBX=0x000000006f0eb1b8, ECX=0x0000000000000000, EDX=0xffffffffd901504f
ESP=0x00000000b3ffe548, EBP=0x000000006ec34fc0, ESI=0x000000006f0eb1b8, EDI=0x00000000cc5f32c0
EIP=0x000000000f68c750, EFLAGS=0x0000000000010202

Top of Stack: (sp=0x00000000b3ffe548)
0x00000000b3ffe548:   000000000f63589c 0000000000000000
0x00000000b3ffe558:   000000006f0eb1b8 000000006ec34fc0
0x00000000b3ffe568:   000000006f0eb1b8 000000006f0f5a90
0x00000000b3ffe578:   000000006f0eb1b8 0000000032337358
0x00000000b3ffe588:   000000000f613810 000000006f0eb1b8
0x00000000b3ffe598:   00000000b3ffec60 00000000b3ffecd8
0x00000000b3ffe5a8:   000000006ec34fc0 000000006f0eb000
0x00000000b3ffe5b8:   000000000f632151 000000006f0eb000
0x00000000b3ffe5c8:   00000000b3ffecd0 00000000000138de
0x00000000b3ffe5d8:   00000000b3ffecd8 00000000b3ffe690
0x00000000b3ffe5e8:   000000000f614a8d 000000006f0f5a90
0x00000000b3ffe5f8:   000000006f0eb1b8 000000000f71ac10
0x00000000b3ffe608:   00000000b3ffe840 000000007d1f7680
0x00000000b3ffe618:   0000000075bbcc8d 000000007d1f7680
0x00000000b3ffe628:   000000007d1f7680 000000000f71ac10
0x00000000b3ffe638:   000000006f0eb1b8 00000000ff000000 

Instructions: (pc=0x000000000f68c750)
0x000000000f68c740:   48 8b 41 08 48 8b 80 18 0c 00 00 c3 cc cc cc cc
0x000000000f68c750:   48 8b 49 08 48 85 c9 74 05 e9 72 f6 fd ff 33 c0 


Stack: [0x00000000b0000000,0x00000000b4000000],  sp=0x00000000b3ffe548,  free space=65529k
Native frames: (J=compiled Java code, j=interpreted, Vv=VM code, C=native code)
C  0x000000000f68c750

Java frames: (J=compiled Java code, j=interpreted, Vv=VM code)
j  sun.java2d.windows.GDIBlitLoops.nativeBlit(Lsun/java2d/SurfaceData;Lsun/java2d/SurfaceData;Lsun/java2d/pipe/Region;IIIIIIIIIZ)V+0
j  sun.java2d.windows.GDIBlitLoops.Blit(Lsun/java2d/SurfaceData;Lsun/java2d/SurfaceData;Ljava/awt/Composite;Lsun/java2d/pipe/Region;IIIIII)V+33
j  sun.java2d.pipe.DrawImage.blitSurfaceData(Lsun/java2d/SunGraphics2D;Lsun/java2d/pipe/Region;Lsun/java2d/SurfaceData;Lsun/java2d/SurfaceData;Lsun/java2d/loops/SurfaceType;Lsun/java2d/loops/SurfaceType;IIIIIILjava/awt/Color;)V+97
j  sun.java2d.pipe.DrawImage.renderImageCopy(Lsun/java2d/SunGraphics2D;Ljava/awt/Image;Ljava/awt/Color;IIIIII)Z+75
j  sun.java2d.pipe.DrawImage.copyImage(Lsun/java2d/SunGraphics2D;Ljava/awt/Image;IILjava/awt/Color;)Z+45
j  sun.java2d.pipe.DrawImage.copyImage(Lsun/java2d/SunGraphics2D;Ljava/awt/Image;IILjava/awt/Color;Ljava/awt/image/ImageObserver;)Z+15
J  sun.java2d.SunGraphics2D.drawImage(Ljava/awt/Image;IILjava/awt/Color;Ljava/awt/image/ImageObserver;)Z
J  javax.swing.RepaintManager$PaintManager.paintDoubleBuffered(Ljavax/swing/JComponent;Ljava/awt/Image;Ljava/awt/Graphics;IIII)V
J  javax.swing.RepaintManager$PaintManager.paint(Ljavax/swing/JComponent;Ljavax/swing/JComponent;Ljava/awt/Graphics;IIII)Z
j  javax.swing.BufferStrategyPaintManager.paint(Ljavax/swing/JComponent;Ljavax/swing/JComponent;Ljava/awt/Graphics;IIII)Z+224
J  javax.swing.JComponent._paintImmediately(IIII)V
J  javax.swing.RepaintManager.paintDirtyRegions(Ljava/util/Map;)V
j  javax.swing.RepaintManager.paintDirtyRegions()V+46
j  javax.swing.RepaintManager.seqPaintDirtyRegions()V+73
j  javax.swing.SystemEventQueueUtilities$ComponentWorkRequest.run()V+36
J  java.awt.EventDispatchThread.pumpOneEventForFilters(I)Z
J  java.awt.EventDispatchThread.pumpEventsForFilter(ILjava/awt/Conditional;Ljava/awt/EventFilter;)V
j  java.awt.EventDispatchThread.pumpEventsForHierarchy(ILjava/awt/Conditional;Ljava/awt/Component;)V+11
j  java.awt.EventDispatchThread.pumpEvents(ILjava/awt/Conditional;)V+4
j  java.awt.EventDispatchThread.pumpEvents(Ljava/awt/Conditional;)V+3
j  java.awt.EventDispatchThread.run()V+9
v  ~StubRoutines::call_stub

---------------  P R O C E S S  ---------------

Java Threads: ( => current thread )
  0x000000006f13b000 JavaThread "Image Fetcher 0" daemon [_thread_blocked, id=13304, stack(0x00000000f4fd0000,0x00000000f8fd0000)]
  0x000000006f13d800 JavaThread "Code Analyzer updating thread" [_thread_blocked, id=3992, stack(0x0000000110fd0000,0x0000000114fd0000)]
  0x000000006f13c800 JavaThread "Code Analyzer updating thread" [_thread_blocked, id=14168, stack(0x0000000108fd0000,0x000000010cfd0000)]
  0x000000006f13c000 JavaThread "Code Analyzer updating thread" [_thread_blocked, id=11956, stack(0x0000000104fd0000,0x0000000108fd0000)]
  0x000000007d9ff800 JavaThread "Code Analyzer updating thread" [_thread_blocked, id=2072, stack(0x000000016cdc0000,0x0000000170dc0000)]
  0x000000007da01000 JavaThread "Code Analyzer updating thread" [_thread_blocked, id=11232, stack(0x0000000168dc0000,0x000000016cdc0000)]
  0x000000007d9ff000 JavaThread "Code Analyzer updating thread" [_thread_blocked, id=15216, stack(0x0000000164dc0000,0x0000000168dc0000)]
  0x000000006f13a800 JavaThread "Code Analyzer updating thread" [_thread_blocked, id=18868, stack(0x0000000160dc0000,0x0000000164dc0000)]
  0x000000007d9fe000 JavaThread "Code Analyzer updating thread" [_thread_blocked, id=8304, stack(0x000000014ff70000,0x0000000153f70000)]
  0x000000006f131000 JavaThread "Code Analyzer updating thread" [_thread_blocked, id=8904, stack(0x000000014bf70000,0x000000014ff70000)]
  0x000000006f133000 JavaThread "Code Analyzer updating thread" [_thread_blocked, id=13956, stack(0x00000000f8fd0000,0x00000000fcfd0000)]
  0x000000007cd8a000 JavaThread "Code Analyzer updating thread" [_thread_blocked, id=14952, stack(0x0000000140030000,0x0000000144030000)]
  0x000000006f139800 JavaThread "Code Analyzer updating thread" [_thread_blocked, id=18796, stack(0x00000000f0fd0000,0x00000000f4fd0000)]
  0x000000006f138000 JavaThread "Code Analyzer updating thread" [_thread_blocked, id=18320, stack(0x0000000118fd0000,0x000000011cfd0000)]
  0x000000006f137800 JavaThread "Code Analyzer updating thread" [_thread_blocked, id=18080, stack(0x00000000ecfd0000,0x00000000f0fd0000)]
  0x000000006f139000 JavaThread "Code Analyzer updating thread" [_thread_blocked, id=5608, stack(0x00000000fcfd0000,0x0000000100fd0000)]
  0x000000006f13f000 JavaThread "pool-7-thread-1" [_thread_blocked, id=9444, stack(0x000000010cfd0000,0x0000000110fd0000)]
  0x000000007cd87000 JavaThread "pool-1-thread-1" [_thread_blocked, id=16920, stack(0x00000000d8fd0000,0x00000000dcfd0000)]
  0x000000007cd8b800 JavaThread "Explorer NavigationContext request queue" daemon [_thread_blocked, id=10620, stack(0x00000001758a0000,0x00000001798a0000)]
  0x000000007cd85800 JavaThread "Prefs Updater" daemon [_thread_blocked, id=15020, stack(0x00000000ccfd0000,0x00000000d0fd0000)]
  0x000000007cd88800 JavaThread "Timer-2" daemon [_thread_blocked, id=17584, stack(0x0000000134fd0000,0x0000000138fd0000)]
  0x000000007cd89000 JavaThread "com.jniwrapper.NativeResourceCollector" daemon [_thread_blocked, id=17372, stack(0x0000000124fd0000,0x0000000128fd0000)]
  0x000000007cd87800 JavaThread "Swing-Shell" daemon [_thread_blocked, id=16008, stack(0x0000000128fd0000,0x000000012cfd0000)]
  0x000000006f137000 JavaThread "Active Reference Queue Daemon" daemon [_thread_blocked, id=14060, stack(0x00000000e8fd0000,0x00000000ecfd0000)]
  0x000000006f136000 JavaThread "Timer-1" daemon [_thread_blocked, id=18256, stack(0x00000000e4fd0000,0x00000000e8fd0000)]
  0x000000006f135800 JavaThread "ClipboardMonitor Timer" daemon [_thread_blocked, id=12192, stack(0x00000000e0fd0000,0x00000000e4fd0000)]
  0x000000006f131800 JavaThread "AddressBar directory emptiness poller" daemon [_thread_blocked, id=12896, stack(0x00000000c4000000,0x00000000c8000000)]
  0x000000006f130800 JavaThread "Explorer Refresh Service 642069178" daemon [_thread_blocked, id=17460, stack(0x00000000c0000000,0x00000000c4000000)]
  0x000000006f132800 JavaThread "Thread-4" daemon [_thread_blocked, id=18004, stack(0x00000000d4fd0000,0x00000000d8fd0000)]
  0x000000006f12f800 JavaThread "TimerQueue" daemon [_thread_blocked, id=16268, stack(0x00000000bc000000,0x00000000c0000000)]
  0x000000006f12f000 JavaThread "Thread-3" daemon [_thread_blocked, id=16220, stack(0x00000000b4000000,0x00000000b8000000)]
=>0x000000006f0eb000 JavaThread "AWT-EventQueue-0" [_thread_in_native, id=14764, stack(0x00000000b0000000,0x00000000b4000000)]
  0x000000006efc1000 JavaThread "AWT-Shutdown" [_thread_blocked, id=15732, stack(0x00000000a8000000,0x00000000ac000000)]
  0x000000006e736000 JavaThread "FelixPackageAdmin" daemon [_thread_blocked, id=18752, stack(0x00000000a4000000,0x00000000a8000000)]
  0x000000006e67e000 JavaThread "FelixStartLevel" daemon [_thread_blocked, id=14696, stack(0x0000000094000000,0x0000000098000000)]
  0x000000006ef0f800 JavaThread "FelixDispatchQueue" daemon [_thread_blocked, id=18468, stack(0x00000000ac000000,0x00000000b0000000)]
  0x000000006ec5e000 JavaThread "com.google.common.base.internal.Finalizer" daemon [_thread_blocked, id=15776, stack(0x00000000a0000000,0x00000000a4000000)]
  0x000000006e67e800 JavaThread "AWT-Windows" daemon [_thread_in_native, id=15896, stack(0x0000000098000000,0x000000009c000000)]
  0x000000006ea7d000 JavaThread "Java2D Disposer" daemon [_thread_blocked, id=19088, stack(0x0000000090000000,0x0000000094000000)]
  0x000000006e739000 JavaThread "Timer-0" [_thread_blocked, id=16464, stack(0x000000008c000000,0x0000000090000000)]
  0x000000006e5ee000 JavaThread "EventMgr Dispatcher" daemon [_thread_in_native, id=10940, stack(0x0000000088000000,0x000000008c000000)]
  0x000000000f0cb800 JavaThread "Low Memory Detector" daemon [_thread_blocked, id=18804, stack(0x0000000080000000,0x0000000084000000)]
  0x000000000f0c2000 JavaThread "CompilerThread1" daemon [_thread_blocked, id=15928, stack(0x000000006a5a0000,0x000000006e5a0000)]
  0x000000000f0be000 JavaThread "CompilerThread0" daemon [_thread_blocked, id=18844, stack(0x00000000665a0000,0x000000006a5a0000)]
  0x000000000f076800 JavaThread "Attach Listener" daemon [_thread_blocked, id=14484, stack(0x000000005ffd0000,0x0000000063fd0000)]
  0x000000000f059000 JavaThread "Finalizer" daemon [_thread_blocked, id=14912, stack(0x000000005bfd0000,0x000000005ffd0000)]
  0x000000000f058000 JavaThread "Reference Handler" daemon [_thread_blocked, id=10136, stack(0x0000000057fd0000,0x000000005bfd0000)]
  0x00000000063c7000 JavaThread "main" [_thread_in_native, id=9884, stack(0x0000000000030000,0x0000000004030000)]

Other Threads:
  0x000000000f051000 VMThread [stack: 0x0000000053fd0000,0x0000000057fd0000] [id=15996]
  0x000000000f0e5800 WatcherThread [stack: 0x0000000084000000,0x0000000088000000] [id=16828]

VM state:not at safepoint (normal execution)

VM Mutex/Monitor currently owned by a thread: None

Heap
 PSYoungGen      total 17472K, used 9563K [0x0000000040ed0000, 0x00000000423c0000, 0x0000000043fd0000)
  eden space 15616K, 51% used [0x0000000040ed0000,0x00000000416a2698,0x0000000041e10000)
  from space 1856K, 83% used [0x0000000042020000,0x00000000421a46b0,0x00000000421f0000)
  to   space 2112K, 0% used [0x0000000041e10000,0x0000000041e10000,0x0000000042020000)
 PSOldGen        total 150528K, used 126123K [0x0000000037bd0000, 0x0000000040ed0000, 0x0000000040ed0000)
  object space 150528K, 83% used [0x0000000037bd0000,0x000000003f6fad50,0x0000000040ed0000)
 PSPermGen       total 117312K, used 79503K [0x000000002fbd0000, 0x0000000036e60000, 0x0000000037bd0000)
  object space 117312K, 67% used [0x000000002fbd0000,0x0000000034973cc0,0x0000000036e60000)

Dynamic libraries:
0x0000000140000000 - 0x0000000140028000 	C:\Program Files\MATLAB\R2013a\bin\win64\MATLAB.exe
0x00000000771f0000 - 0x0000000077399000 	C:\Windows\SYSTEM32\ntdll.dll
0x0000000076b10000 - 0x0000000076c2f000 	C:\Windows\system32\kernel32.dll
0x000007fefd750000 - 0x000007fefd7bb000 	C:\Windows\system32\KERNELBASE.dll
0x0000000074460000 - 0x0000000074515000 	C:\Program Files\MATLAB\R2013a\bin\win64\libut.dll
0x00000000758a0000 - 0x000000007595f000 	C:\Program Files\MATLAB\R2013a\bin\win64\libmwi18n.dll
0x0000000180000000 - 0x000000018000d000 	C:\Program Files\MATLAB\R2013a\bin\win64\libmwresource_core.dll
0x0000000066500000 - 0x0000000066598000 	C:\Program Files\MATLAB\R2013a\bin\win64\MSVCP100.dll
0x0000000065e40000 - 0x0000000065f12000 	C:\Program Files\MATLAB\R2013a\bin\win64\MSVCR100.dll
0x0000000000020000 - 0x000000000002e000 	C:\Program Files\MATLAB\R2013a\bin\win64\boost_date_time-vc100-mt-1_49.dll
0x00000000723f0000 - 0x000000007241c000 	C:\Program Files\MATLAB\R2013a\bin\win64\boost_filesystem-vc100-mt-1_49.dll
0x00000000040d0000 - 0x00000000040d9000 	C:\Program Files\MATLAB\R2013a\bin\win64\boost_system-vc100-mt-1_49.dll
0x000007fefda20000 - 0x000007fefdafb000 	C:\Windows\system32\ADVAPI32.dll
0x000007fefe160000 - 0x000007fefe1ff000 	C:\Windows\system32\msvcrt.dll
0x000007feff240000 - 0x000007feff25f000 	C:\Windows\SYSTEM32\sechost.dll
0x000007fefe200000 - 0x000007fefe32d000 	C:\Windows\system32\RPCRT4.dll
0x0000000072360000 - 0x0000000072385000 	C:\Program Files\MATLAB\R2013a\bin\win64\LIBEXPAT.dll
0x0000000065b40000 - 0x0000000065cca000 	C:\Program Files\MATLAB\R2013a\bin\win64\icuin49.dll
0x0000000065a00000 - 0x0000000065b3e000 	C:\Program Files\MATLAB\R2013a\bin\win64\icuuc49.dll
0x000000000faa0000 - 0x0000000010bc2000 	C:\Program Files\MATLAB\R2013a\bin\win64\icudt49.dll
0x0000000072340000 - 0x0000000072350000 	C:\Program Files\MATLAB\R2013a\bin\win64\icuio49.dll
0x0000000073f70000 - 0x0000000074112000 	C:\Program Files\MATLAB\R2013a\bin\win64\libmwfl.dll
0x000000007a350000 - 0x000000007a737000 	C:\Program Files\MATLAB\R2013a\bin\win64\libmwMATLAB_res.dll
0x0000000065f20000 - 0x0000000065fff000 	C:\Program Files\MATLAB\R2013a\bin\win64\boost_regex-vc100-mt-1_49.dll
0x0000000076e40000 - 0x0000000076f3a000 	C:\Windows\system32\USER32.dll
0x000007fefdb00000 - 0x000007fefdb67000 	C:\Windows\system32\GDI32.dll
0x000007feff230000 - 0x000007feff23e000 	C:\Windows\system32\LPK.dll
0x000007feff160000 - 0x000007feff229000 	C:\Windows\system32\USP10.dll
0x00000000722b0000 - 0x00000000722c1000 	C:\Program Files\MATLAB\R2013a\bin\win64\boost_signals-vc100-mt-1_49.dll
0x0000000072290000 - 0x00000000722a1000 	C:\Program Files\MATLAB\R2013a\bin\win64\boost_thread-vc100-mt-1_49.dll
0x000007fef9e60000 - 0x000007fef9eec000 	C:\Program Files\MATLAB\R2013a\bin\win64\boost_log-vc100-mt-1_49.dll
0x00000000773b0000 - 0x00000000773b7000 	C:\Windows\system32\PSAPI.DLL
0x000007fefdd50000 - 0x000007fefdd9d000 	C:\Windows\system32\WS2_32.dll
0x000007feff260000 - 0x000007feff268000 	C:\Windows\system32\NSI.dll
0x000007fefb590000 - 0x000007fefb5c3000 	C:\Program Files\MATLAB\R2013a\bin\win64\tbb.dll
0x000007feff3f0000 - 0x000007feff409000 	C:\Windows\system32\imagehlp.dll
0x000007fefd7c0000 - 0x000007fefd7ec000 	C:\Windows\system32\POWRPROF.dll
0x000007fefdb70000 - 0x000007fefdd47000 	C:\Windows\system32\SETUPAPI.dll
0x000007fefd550000 - 0x000007fefd586000 	C:\Windows\system32\CFGMGR32.dll
0x000007feff310000 - 0x000007feff3e7000 	C:\Windows\system32\OLEAUT32.dll
0x000007fefdea0000 - 0x000007fefe0a3000 	C:\Windows\system32\ole32.dll
0x000007fefd4d0000 - 0x000007fefd4ea000 	C:\Windows\system32\DEVOBJ.dll
0x0000000004120000 - 0x0000000004141000 	C:\Program Files\MATLAB\R2013a\bin\win64\libmwmfl_scalar.dll
0x000007fefab00000 - 0x000007fefac25000 	C:\Windows\system32\dbghelp.dll
0x0000000004320000 - 0x000000000464f000 	C:\Program Files\MATLAB\R2013a\bin\win64\libmwservices.dll
0x0000000075a20000 - 0x0000000075b0b000 	C:\Program Files\MATLAB\R2013a\bin\win64\libmx.dll
0x000007fefb2d0000 - 0x000007fefb2f8000 	C:\Program Files\MATLAB\R2013a\bin\win64\tbbmalloc.dll
0x00000000705d0000 - 0x00000000705e7000 	C:\Program Files\MATLAB\R2013a\bin\win64\zlib1.dll
0x0000000004150000 - 0x000000000419e000 	C:\Program Files\MATLAB\R2013a\bin\win64\libmwregexp.dll
0x0000000075f10000 - 0x0000000075f57000 	C:\Program Files\MATLAB\R2013a\bin\win64\mpath.dll
0x000000007b680000 - 0x000000007bc66000 	C:\Program Files\MATLAB\R2013a\bin\win64\mlutil.dll
0x00000000754d0000 - 0x0000000075547000 	C:\Program Files\MATLAB\R2013a\bin\win64\xmlcore.dll
0x00000000657b0000 - 0x00000000659f1000 	C:\Program Files\MATLAB\R2013a\bin\win64\xerces-c_2_7.dll
0x00000000041b0000 - 0x00000000041d2000 	C:\Program Files\MATLAB\R2013a\bin\win64\libmwMATLAB_settings_res.dll
0x000007fefb580000 - 0x000007fefb590000 	C:\Program Files\MATLAB\R2013a\bin\win64\boost_iostreams-vc100-mt-1_49.dll
0x000007fef9b80000 - 0x000007fef9bc6000 	C:\Program Files\MATLAB\R2013a\bin\win64\boost_serialization-vc100-mt-1_49.dll
0x000007fefe3d0000 - 0x000007feff158000 	C:\Windows\system32\SHELL32.dll
0x000007fefd9a0000 - 0x000007fefda11000 	C:\Windows\system32\SHLWAPI.dll
0x00000000041e0000 - 0x00000000041e6000 	C:\Program Files\MATLAB\R2013a\bin\win64\libmwnativedisplay.dll
0x000007fef5520000 - 0x000007fef55c0000 	C:\Windows\WinSxS\amd64_microsoft.windows.common-controls_6595b64144ccf1df_5.82.7601.18201_none_a4d3b9377117c3df\COMCTL32.dll
0x000007feff270000 - 0x000007feff307000 	C:\Windows\system32\COMDLG32.dll
0x000007fefb4f0000 - 0x000007fefb506000 	C:\Windows\system32\NETAPI32.dll
0x000007fefce60000 - 0x000007fefce6c000 	C:\Windows\system32\netutils.dll
0x000007fefcf50000 - 0x000007fefcf73000 	C:\Windows\system32\srvcli.dll
0x000007fefb4d0000 - 0x000007fefb4e5000 	C:\Windows\system32\wkscli.dll
0x0000000074970000 - 0x0000000074a18000 	C:\Program Files\MATLAB\R2013a\bin\win64\mcr.dll
0x0000000075000000 - 0x00000000753b1000 	C:\Program Files\MATLAB\R2013a\bin\win64\iqm.dll
0x0000000074e80000 - 0x0000000074f30000 	C:\Program Files\MATLAB\R2013a\bin\win64\m_dispatcher.dll
0x0000000004650000 - 0x0000000004e58000 	C:\Program Files\MATLAB\R2013a\bin\win64\m_interpreter.dll
0x00000000041f0000 - 0x0000000004214000 	C:\Program Files\MATLAB\R2013a\bin\win64\libmex.dll
0x0000000075430000 - 0x00000000754ab000 	C:\Program Files\MATLAB\R2013a\bin\win64\profiler.dll
0x0000000004e60000 - 0x00000000050e3000 	C:\Program Files\MATLAB\R2013a\bin\win64\libmwmathutil.dll
0x0000000079f40000 - 0x0000000079f66000 	C:\Program Files\MATLAB\R2013a\bin\win64\libmwmathrng.dll
0x00000000050f0000 - 0x0000000005100000 	C:\Program Files\MATLAB\R2013a\bin\win64\libmwmfl_rng.dll
0x0000000074c10000 - 0x0000000074cf8000 	C:\Program Files\MATLAB\R2013a\bin\win64\libmwmathcore.dll
0x0000000076160000 - 0x00000000761c3000 	C:\Program Files\MATLAB\R2013a\bin\win64\libmwspmatrix.dll
0x000000007b0a0000 - 0x000000007b2f6000 	C:\Program Files\MATLAB\R2013a\bin\win64\mcos.dll
0x0000000075ea0000 - 0x0000000075f02000 	C:\Program Files\MATLAB\R2013a\bin\win64\libmwcholmod.dll
0x0000000005110000 - 0x000000000511d000 	C:\Program Files\MATLAB\R2013a\bin\win64\libmwamd.dll
0x00000000728c0000 - 0x0000000072963000 	C:\Windows\WinSxS\amd64_microsoft.vc90.crt_1fc8b3b9a1e18e3b_9.0.30729.6161_none_08e61857a83bc251\MSVCR90.dll
0x0000000005130000 - 0x000000000513c000 	C:\Program Files\MATLAB\R2013a\bin\win64\libmwcolamd.dll
0x000000007a290000 - 0x000000007a2a3000 	C:\Program Files\MATLAB\R2013a\bin\win64\libmwblas.dll
0x000000007a310000 - 0x000000007a325000 	C:\Program Files\MATLAB\R2013a\bin\win64\libmwbinder.dll
0x0000000005150000 - 0x000000000515b000 	C:\Program Files\MATLAB\R2013a\bin\win64\libmwompwrapper.dll
0x0000000075820000 - 0x000000007589e000 	C:\Program Files\MATLAB\R2013a\bin\win64\libmwlapack.dll
0x000000007a1b0000 - 0x000000007a1d0000 	C:\Program Files\MATLAB\R2013a\bin\win64\m_pcodeio.dll
0x0000000079b10000 - 0x0000000079b6c000 	C:\Program Files\MATLAB\R2013a\bin\win64\m_ir.dll
0x0000000078ed0000 - 0x0000000079579000 	C:\Program Files\MATLAB\R2013a\bin\win64\m_parser.dll
0x000000007a2f0000 - 0x000000007a307000 	C:\Program Files\MATLAB\R2013a\bin\win64\ir_xfmr.dll
0x0000000005160000 - 0x0000000005170000 	C:\Program Files\MATLAB\R2013a\bin\win64\mtok.dll
0x000000007a130000 - 0x000000007a158000 	C:\Program Files\MATLAB\R2013a\bin\win64\m_pcodegen.dll
0x0000000079fb0000 - 0x0000000079fdf000 	C:\Program Files\MATLAB\R2013a\bin\win64\libmwbridge.dll
0x0000000074f40000 - 0x0000000074ff6000 	C:\Program Files\MATLAB\R2013a\bin\win64\udd.dll
0x0000000073cc0000 - 0x0000000073e0e000 	C:\Program Files\MATLAB\R2013a\bin\win64\libmwgui.dll
0x000000007a1d0000 - 0x000000007a1f4000 	C:\Program Files\MATLAB\R2013a\bin\win64\graphics_util.dll
0x000007fef99c0000 - 0x000007fef9a78000 	C:\Program Files\MATLAB\R2013a\bin\win64\libtex_base.dll
0x0000000005170000 - 0x0000000005ab3000 	C:\Program Files\MATLAB\R2013a\bin\win64\hg.dll
0x0000000076100000 - 0x000000007615a000 	C:\Program Files\MATLAB\R2013a\bin\win64\libmat.dll
0x0000000072d30000 - 0x0000000072f38000 	C:\Program Files\MATLAB\R2013a\bin\win64\hdf5dll.dll
0x0000000075710000 - 0x00000000757d8000 	C:\Program Files\MATLAB\R2013a\bin\win64\jmi.dll
0x0000000005ad0000 - 0x0000000005ade000 	C:\Program Files\MATLAB\R2013a\bin\win64\nativejava_services.dll
0x0000000005ae0000 - 0x0000000005b20000 	C:\Program Files\MATLAB\R2013a\bin\win64\libmwhardcopy.dll
0x0000000075c70000 - 0x0000000075cce000 	C:\Program Files\MATLAB\R2013a\bin\win64\libuij.dll
0x0000000072f50000 - 0x000000007318f000 	C:\Program Files\MATLAB\R2013a\bin\win64\hgdatatypes.dll
0x0000000005b20000 - 0x0000000005c0b000 	C:\Program Files\MATLAB\R2013a\bin\win64\hgutils.dll
0x0000000005c10000 - 0x0000000005cbe000 	C:\Program Files\MATLAB\R2013a\bin\win64\udd_mi.dll
0x0000000005cc0000 - 0x0000000005cf6000 	C:\Program Files\MATLAB\R2013a\bin\win64\libmwgbtutils.dll
0x0000000005d00000 - 0x0000000005d14000 	C:\Program Files\MATLAB\R2013a\bin\win64\libmwgbt.dll
0x0000000005d20000 - 0x0000000005fee000 	C:\Program Files\MATLAB\R2013a\bin\win64\uiw.dll
0x0000000005ff0000 - 0x0000000005ff9000 	C:\Program Files\MATLAB\R2013a\bin\win64\uinone.dll
0x0000000006000000 - 0x0000000006026000 	C:\Program Files\MATLAB\R2013a\bin\win64\libmwnativefiledialogs.dll
0x0000000006030000 - 0x000000000603c000 	C:\Program Files\MATLAB\R2013a\bin\win64\libmwplatform_res.dll
0x000007fefa350000 - 0x000007fefa368000 	C:\Windows\system32\MPR.dll
0x0000000065250000 - 0x00000000657ad000 	C:\Program Files\MATLAB\R2013a\bin\win64\mfc100.dll
0x000007fef4800000 - 0x000007fef4807000 	C:\Windows\system32\MSIMG32.dll
0x000007fef8b80000 - 0x000007fef8bf1000 	C:\Windows\system32\WINSPOOL.DRV
0x0000000006040000 - 0x000000000605d000 	C:\Program Files\MATLAB\R2013a\bin\win64\mwoles05.DLL
0x0000000006060000 - 0x00000000060cc000 	C:\Program Files\MATLAB\R2013a\bin\win64\comcli.dll
0x00000000705a0000 - 0x00000000705cb000 	C:\Program Files\MATLAB\R2013a\bin\win64\ATL100.DLL
0x00000000060d0000 - 0x00000000060dc000 	C:\Program Files\MATLAB\R2013a\bin\win64\mlautoregister.dll
0x00000000060e0000 - 0x0000000006236000 	C:\Program Files\MATLAB\R2013a\bin\win64\mvm.dll
0x000007fefe0b0000 - 0x000007fefe0de000 	C:\Windows\system32\IMM32.DLL
0x000007fefd890000 - 0x000007fefd999000 	C:\Windows\system32\MSCTF.dll
0x000007fefbf80000 - 0x000007fefbfd6000 	C:\Windows\system32\UxTheme.dll
0x000007fefd530000 - 0x000007fefd548000 	C:\Windows\system32\dwmapi.dll
0x0000000072350000 - 0x000000007235d000 	C:\Program Files\MATLAB\R2013a\bin\win64\MFC100ENU.DLL
0x0000000007c60000 - 0x0000000007cae000 	C:\Program Files\MATLAB\R2013a\bin\win64\MVMLocal.dll
0x000007fefd420000 - 0x000007fefd42f000 	C:\Windows\system32\profapi.dll

VM Arguments:
jvm_args: -XX:PermSize=32m -Xms64m -XX:NewRatio=3 -XX:MaxPermSize=128m -Xmx196m -XX:MaxDirectMemorySize=2147400000 -Dsun.java2d.noddraw=true -Dsun.awt.nopixfmt=true -Xshare:off -Xrs -Dsun.awt.disableMixing=true -Djava.library.path=C:\Program Files\MATLAB\R2013a\bin\win64;C:\Program Files\MATLAB\R2013a\sys\jxbrowser\win64\lib vfprintf abort 
java_command: <unknown>
Launcher Type: generic

Environment Variables:
CLASSPATH=.;C:\Program Files (x86)\Java\jre6\lib\ext\QTJava.zip
PATH=C:\Python27\Lib\site-packages\PyQt4;C:\Program Files (x86)\Python\Lib\site-packages\PyQt4;C:\PROGRA~1\Oracle\product\11.2.0\client_1;C:\PROGRA~1\Oracle\product\11.2.0\client_1\bin;C:\PROGRA~1\Oracle\product\11.2.0\client_2;C:\PROGRA~1\Oracle\product\11.2.0\client_2\bin;C:\Program Files (x86)\NVIDIA Corporation\PhysX\Common;C:\Perl64\site\bin;C:\Perl64\bin;C:\Program Files\Common Files\Microsoft Shared\Windows Live;C:\Program Files (x86)\Common Files\Microsoft Shared\Windows Live;C:\Windows\system32;C:\Windows;C:\Windows\System32\Wbem;C:\Windows\System32\WindowsPowerShell\v1.0\;C:\Program Files\Intel\DMIX;C:\Program Files (x86)\Intel\Services\IPT\;C:\Program Files (x86)\Windows Live\Shared;c:\Program Files (x86)\Microsoft SQL Server\100\Tools\Binn\;c:\Program Files\Microsoft SQL Server\100\Tools\Binn\;c:\Program Files\Microsoft SQL Server\100\DTS\Binn\;C:\Program Files (x86)\Smart Projects\IsoBuster;C:\Program Files\MATLAB\R2013a\runtime\win64;C:\Program Files\MATLAB\R2013a\bin;C:\Program Files (x86)\CMake 2.8\bin;C:\Program Files (x86)\TrackVis;C:\Program Files (x86)\Diffusion Toolkit;C:\Program Files\TortoiseSVN\bin;C:\Program Files\instantclient_11_2\;C:\Program Files\doxygen\bin;C:\Program Files (x86)\TrackVis;C:\Program Files (x86)\Diffusion Toolkit;C:\Program Files (x86)\Python\Lib\site-packages\vtk;C:\Program Files (x86)\Python\gnuplot\binary;C:\Python27;C:\Python27\DLLs;C:\Python27\Scripts;C:\Python27\Lib\site-packages\vtk;C:\Python27\gnuplot\binary;C:\Program Files (x86)\pythonxy\SciTE-3.2.2-1;C:\Program Files (x86)\pythonxy\console;C:\Program Files (x86)\QuickTime\QTSystem\;C:\Program Files\mingw-builds\x64-4.8.1-posix-seh-rev1\mingw32\bin;C:\Program Files\mingw-builds\x64-4.8.1-posix-seh-rev1\mingw64\bin
USERNAME=liuy23
OS=Windows_NT
PROCESSOR_IDENTIFIER=Intel64 Family 6 Model 42 Stepping 7, GenuineIntel



---------------  S Y S T E M  ---------------

OS: Windows 7 Build 7601 Service Pack 1

CPU:total 4 (8 cores per cpu, 2 threads per core) family 6 model 42 stepping 7, cmov, cx8, fxsr, mmx, sse, sse2, sse3, ssse3, sse4.1, sse4.2, ht

Memory: 4k page, physical 8344472k(2661492k free), swap 28577464k(19968944k free)

vm_info: Java HotSpot(TM) 64-Bit Server VM (14.3-b01) for windows-amd64 JRE (1.6.0_17-b04), built on Oct 11 2009 00:46:08 by "java_re" with MS VC++ 8.0

time: Mon May 19 00:28:40 2014
elapsed time: 361707 seconds

